<?xml version="1.0" encoding="UTF-8"?>
<testsuites>
  <testsuite name="printf_tests" errors="0" failures="0" tests="403" hostname="tbd" time="0.473592" timestamp="2021-11-02T04:26:57Z">
    <testcase classname="printf_tests.global" name="printf" time="0.000069"/>
    <testcase classname="printf_tests.global" name="fctprintf" time="0.000021"/>
    <testcase classname="printf_tests.global" name="snprintf" time="0.000015"/>
    <testcase classname="printf_tests.global" name="vprintf" time="0.000018"/>
    <testcase classname="printf_tests.global" name="vsnprintf" time="0.000017"/>
    <testcase classname="printf_tests.global" name="space flag" time="0.000078"/>
    <testcase classname="printf_tests.global" name="+ flag" time="0.000071"/>
    <testcase classname="printf_tests.global" name="0 flag" time="0.00004"/>
    <testcase classname="printf_tests.global" name="- flag" time="0.000069"/>
    <testcase classname="printf_tests.global" name="# flag" time="0.000024"/>
    <testcase classname="printf_tests.global" name="specifier" time="0.000051"/>
    <testcase classname="printf_tests.global" name="width" time="0.00005"/>
    <testcase classname="printf_tests.global" name="width 20" time="0.000052"/>
    <testcase classname="printf_tests.global" name="width *20" time="0.000052"/>
    <testcase classname="printf_tests.global" name="width -20" time="0.000074"/>
    <testcase classname="printf_tests.global" name="width 0-20" time="0.00005"/>
    <testcase classname="printf_tests.global" name="padding 20" time="0.00005"/>
    <testcase classname="printf_tests.global" name="padding .20" time="0.000048"/>
    <testcase classname="printf_tests.global" name="padding #020" time="0.00005"/>
    <testcase classname="printf_tests.global" name="padding #20" time="0.000047"/>
    <testcase classname="printf_tests.global" name="padding 20.5" time="0.000047"/>
    <testcase classname="printf_tests.global" name="padding neg numbers" time="0.000031"/>
    <testcase classname="printf_tests.global" name="float padding neg numbers" time="0.000053"/>
    <testcase classname="printf_tests.global" name="length" time="0.000089"/>
    <testcase classname="printf_tests.global" name="float" time="0.471469"/>
    <testcase classname="printf_tests.global" name="types" time="0.000156"/>
    <testcase classname="printf_tests.global" name="pointer" time="0.000024"/>
    <testcase classname="printf_tests.global" name="unknown flag" time="0.000012"/>
    <testcase classname="printf_tests.global" name="string length" time="0.000035"/>
    <testcase classname="printf_tests.global" name="buffer length" time="0.00005"/>
    <testcase classname="printf_tests.global" name="ret value" time="0.000071"/>
    <testcase classname="printf_tests.global" name="misc" time="0.000042"/>
    <system-out/>
    <system-err/>
  </testsuite>
</testsuites>
